<?xml version="1.0" encoding="UTF-8" standalone="yes"?><!DOCTYPE report PUBLIC "-//JACOCO//DTD Report 1.0//EN" "report.dtd"><report name="DevOpsProject"><sessioninfo id="DESKTOP-5CL91H5-528a2794" start="1523868809470" dump="1523868835605"/><package name="devopsproject"><class name="devopsproject/DataFrame$PrintingType"><method name="values" desc="()[Ldevopsproject/DataFrame$PrintingType;" line="194"><counter type="INSTRUCTION" missed="4" covered="0"/><counter type="LINE" missed="1" covered="0"/><counter type="COMPLEXITY" missed="1" covered="0"/><counter type="METHOD" missed="1" covered="0"/></method><method name="valueOf" desc="(Ljava/lang/String;)Ldevopsproject/DataFrame$PrintingType;" line="194"><counter type="INSTRUCTION" missed="5" covered="0"/><counter type="LINE" missed="1" covered="0"/><counter type="COMPLEXITY" missed="1" covered="0"/><counter type="METHOD" missed="1" covered="0"/></method><method name="&lt;init&gt;" desc="(Ljava/lang/String;I)V" line="194"><counter type="INSTRUCTION" missed="0" covered="5"/><counter type="LINE" missed="0" covered="1"/><counter type="COMPLEXITY" missed="0" covered="1"/><counter type="METHOD" missed="0" covered="1"/></method><method name="&lt;clinit&gt;" desc="()V" line="194"><counter type="INSTRUCTION" missed="0" covered="24"/><counter type="LINE" missed="0" covered="2"/><counter type="COMPLEXITY" missed="0" covered="1"/><counter type="METHOD" missed="0" covered="1"/></method><counter type="INSTRUCTION" missed="9" covered="29"/><counter type="LINE" missed="0" covered="2"/><counter type="COMPLEXITY" missed="2" covered="2"/><counter type="METHOD" missed="2" covered="2"/><counter type="CLASS" missed="0" covered="1"/></class><class name="devopsproject/DataFrame$DataComparator"><method name="&lt;init&gt;" desc="(Ldevopsproject/DataFrame;)V" line="30"><counter type="INSTRUCTION" missed="0" covered="6"/><counter type="LINE" missed="0" covered="1"/><counter type="COMPLEXITY" missed="0" covered="1"/><counter type="METHOD" missed="0" covered="1"/></method><method name="compare" desc="(Ljava/lang/String;Ljava/lang/String;)I" line="33"><counter type="INSTRUCTION" missed="0" covered="36"/><counter type="BRANCH" missed="0" covered="4"/><counter type="LINE" missed="0" covered="2"/><counter type="COMPLEXITY" missed="0" covered="3"/><counter type="METHOD" missed="0" covered="1"/></method><counter type="INSTRUCTION" missed="0" covered="42"/><counter type="BRANCH" missed="0" covered="4"/><counter type="LINE" missed="0" covered="3"/><counter type="COMPLEXITY" missed="0" covered="4"/><counter type="METHOD" missed="0" covered="2"/><counter type="CLASS" missed="0" covered="1"/></class><class name="devopsproject/DataFrame"><method name="&lt;init&gt;" desc="()V" line="38"><counter type="INSTRUCTION" missed="0" covered="26"/><counter type="LINE" missed="0" covered="6"/><counter type="COMPLEXITY" missed="0" covered="1"/><counter type="METHOD" missed="0" covered="1"/></method><method name="&lt;init&gt;" desc="([Ljava/lang/String;Ljava/util/List;)V" line="46"><counter type="INSTRUCTION" missed="0" covered="47"/><counter type="BRANCH" missed="0" covered="2"/><counter type="LINE" missed="0" covered="7"/><counter type="COMPLEXITY" missed="0" covered="2"/><counter type="METHOD" missed="0" covered="1"/></method><method name="&lt;init&gt;" desc="(Ljava/lang/String;Ljava/lang/String;)V" line="56"><counter type="INSTRUCTION" missed="13" covered="355"/><counter type="BRANCH" missed="0" covered="22"/><counter type="LINE" missed="5" covered="63"/><counter type="COMPLEXITY" missed="0" covered="12"/><counter type="METHOD" missed="0" covered="1"/></method><method name="print" desc="(II)V" line="171"><counter type="INSTRUCTION" missed="1" covered="68"/><counter type="BRANCH" missed="2" covered="6"/><counter type="LINE" missed="0" covered="14"/><counter type="COMPLEXITY" missed="2" covered="3"/><counter type="METHOD" missed="0" covered="1"/></method><method name="head" desc="(I)V" line="187"><counter type="INSTRUCTION" missed="0" covered="8"/><counter type="LINE" missed="0" covered="2"/><counter type="COMPLEXITY" missed="0" covered="1"/><counter type="METHOD" missed="0" covered="1"/></method><method name="tail" desc="(I)V" line="191"><counter type="INSTRUCTION" missed="0" covered="9"/><counter type="LINE" missed="0" covered="2"/><counter type="COMPLEXITY" missed="0" covered="1"/><counter type="METHOD" missed="0" covered="1"/></method><method name="checkingLinesNumber" desc="(ILdevopsproject/DataFrame$PrintingType;)I" line="199"><counter type="INSTRUCTION" missed="0" covered="27"/><counter type="BRANCH" missed="0" covered="6"/><counter type="LINE" missed="0" covered="5"/><counter type="COMPLEXITY" missed="0" covered="4"/><counter type="METHOD" missed="0" covered="1"/></method><method name="show" desc="()V" line="209"><counter type="INSTRUCTION" missed="0" covered="6"/><counter type="LINE" missed="0" covered="2"/><counter type="COMPLEXITY" missed="0" covered="1"/><counter type="METHOD" missed="0" covered="1"/></method><method name="head" desc="(Ljava/lang/String;I)V" line="213"><counter type="INSTRUCTION" missed="0" covered="27"/><counter type="LINE" missed="0" covered="3"/><counter type="COMPLEXITY" missed="0" covered="1"/><counter type="METHOD" missed="0" covered="1"/></method><method name="tail" desc="(Ljava/lang/String;I)V" line="218"><counter type="INSTRUCTION" missed="0" covered="32"/><counter type="LINE" missed="0" covered="3"/><counter type="COMPLEXITY" missed="0" covered="1"/><counter type="METHOD" missed="0" covered="1"/></method><method name="showLabels" desc="()V" line="223"><counter type="INSTRUCTION" missed="0" covered="29"/><counter type="BRANCH" missed="0" covered="2"/><counter type="LINE" missed="0" covered="6"/><counter type="COMPLEXITY" missed="0" covered="2"/><counter type="METHOD" missed="0" covered="1"/></method><method name="size" desc="()I" line="231"><counter type="INSTRUCTION" missed="0" covered="32"/><counter type="BRANCH" missed="1" covered="5"/><counter type="LINE" missed="0" covered="8"/><counter type="COMPLEXITY" missed="1" covered="3"/><counter type="METHOD" missed="0" covered="1"/></method><method name="column" desc="(Ljava/lang/String;)Ljava/util/List;" line="244"><counter type="INSTRUCTION" missed="0" covered="27"/><counter type="LINE" missed="0" covered="5"/><counter type="COMPLEXITY" missed="0" covered="1"/><counter type="METHOD" missed="0" covered="1"/></method><method name="loc" desc="(Ljava/lang/String;)Ldevopsproject/DataFrame;" line="252"><counter type="INSTRUCTION" missed="0" covered="26"/><counter type="LINE" missed="0" covered="4"/><counter type="COMPLEXITY" missed="0" covered="1"/><counter type="METHOD" missed="0" covered="1"/></method><method name="loc" desc="(Ljava/util/List;)Ldevopsproject/DataFrame;" line="259"><counter type="INSTRUCTION" missed="0" covered="39"/><counter type="BRANCH" missed="0" covered="2"/><counter type="LINE" missed="0" covered="6"/><counter type="COMPLEXITY" missed="0" covered="2"/><counter type="METHOD" missed="0" covered="1"/></method><method name="loc" desc="(Ljava/lang/String;Ljava/lang/String;)Ldevopsproject/DataFrame;" line="269"><counter type="INSTRUCTION" missed="0" covered="80"/><counter type="BRANCH" missed="0" covered="4"/><counter type="LINE" missed="0" covered="14"/><counter type="COMPLEXITY" missed="0" covered="3"/><counter type="METHOD" missed="0" covered="1"/></method><method name="loc" desc="([Ljava/lang/String;)Ldevopsproject/DataFrame;" line="293"><counter type="INSTRUCTION" missed="0" covered="15"/><counter type="LINE" missed="0" covered="3"/><counter type="COMPLEXITY" missed="0" covered="1"/><counter type="METHOD" missed="0" covered="1"/></method><method name="initDataFrameBeforeSelectingLines" desc="(I)Ldevopsproject/DataFrame;" line="299"><counter type="INSTRUCTION" missed="0" covered="30"/><counter type="LINE" missed="0" covered="6"/><counter type="COMPLEXITY" missed="0" covered="1"/><counter type="METHOD" missed="0" covered="1"/></method><method name="checkingIndex" desc="(I)V" line="308"><counter type="INSTRUCTION" missed="0" covered="17"/><counter type="BRANCH" missed="0" covered="4"/><counter type="LINE" missed="0" covered="5"/><counter type="COMPLEXITY" missed="0" covered="3"/><counter type="METHOD" missed="0" covered="1"/></method><method name="iloc" desc="(I)Ldevopsproject/DataFrame;" line="317"><counter type="INSTRUCTION" missed="0" covered="42"/><counter type="BRANCH" missed="0" covered="2"/><counter type="LINE" missed="0" covered="6"/><counter type="COMPLEXITY" missed="0" covered="2"/><counter type="METHOD" missed="0" covered="1"/></method><method name="indexToElement" desc="(Ljava/util/List;Ljava/util/List;)Ljava/util/List;" line="327"><counter type="INSTRUCTION" missed="0" covered="12"/><counter type="LINE" missed="0" covered="2"/><counter type="COMPLEXITY" missed="0" covered="1"/><counter type="METHOD" missed="0" covered="1"/></method><method name="iloc" desc="(Ljava/util/List;)Ldevopsproject/DataFrame;" line="336"><counter type="INSTRUCTION" missed="0" covered="47"/><counter type="BRANCH" missed="0" covered="4"/><counter type="LINE" missed="0" covered="8"/><counter type="COMPLEXITY" missed="0" covered="3"/><counter type="METHOD" missed="0" covered="1"/></method><method name="iloc" desc="([Ljava/lang/Integer;)Ldevopsproject/DataFrame;" line="347"><counter type="INSTRUCTION" missed="0" covered="53"/><counter type="BRANCH" missed="0" covered="4"/><counter type="LINE" missed="0" covered="7"/><counter type="COMPLEXITY" missed="0" covered="3"/><counter type="METHOD" missed="0" covered="1"/></method><method name="iloc" desc="(II)Ldevopsproject/DataFrame;" line="358"><counter type="INSTRUCTION" missed="0" covered="60"/><counter type="BRANCH" missed="0" covered="4"/><counter type="LINE" missed="0" covered="13"/><counter type="COMPLEXITY" missed="0" covered="3"/><counter type="METHOD" missed="0" covered="1"/></method><method name="checkingNumberFormat" desc="(Ljava/lang/String;)V" line="381"><counter type="INSTRUCTION" missed="0" covered="40"/><counter type="BRANCH" missed="0" covered="2"/><counter type="LINE" missed="0" covered="6"/><counter type="COMPLEXITY" missed="0" covered="2"/><counter type="METHOD" missed="0" covered="1"/></method><method name="checkingComparable" desc="(Ljava/lang/String;)Ljava/lang/Class;" line="391"><counter type="INSTRUCTION" missed="15" covered="33"/><counter type="BRANCH" missed="0" covered="2"/><counter type="LINE" missed="2" covered="4"/><counter type="COMPLEXITY" missed="0" covered="2"/><counter type="METHOD" missed="0" covered="1"/></method><method name="showStatitic" desc="(Ljava/lang/String;)V" line="401"><counter type="INSTRUCTION" missed="0" covered="47"/><counter type="LINE" missed="0" covered="5"/><counter type="COMPLEXITY" missed="0" covered="1"/><counter type="METHOD" missed="0" covered="1"/></method><method name="meanColumn" desc="(Ljava/lang/String;)Ljava/lang/Float;" line="408"><counter type="INSTRUCTION" missed="0" covered="75"/><counter type="BRANCH" missed="1" covered="9"/><counter type="LINE" missed="0" covered="13"/><counter type="COMPLEXITY" missed="1" covered="5"/><counter type="METHOD" missed="0" covered="1"/></method><method name="minColumn" desc="(Ljava/lang/String;)Ljava/lang/Comparable;" line="429"><counter type="INSTRUCTION" missed="0" covered="78"/><counter type="BRANCH" missed="0" covered="6"/><counter type="LINE" missed="0" covered="9"/><counter type="COMPLEXITY" missed="0" covered="4"/><counter type="METHOD" missed="0" covered="1"/></method><method name="maxColumn" desc="(Ljava/lang/String;)Ljava/lang/Comparable;" line="443"><counter type="INSTRUCTION" missed="0" covered="78"/><counter type="BRANCH" missed="0" covered="6"/><counter type="LINE" missed="0" covered="9"/><counter type="COMPLEXITY" missed="0" covered="4"/><counter type="METHOD" missed="0" covered="1"/></method><method name="orderBy" desc="(Ljava/lang/String;)V" line="457"><counter type="INSTRUCTION" missed="0" covered="9"/><counter type="LINE" missed="0" covered="3"/><counter type="COMPLEXITY" missed="0" covered="1"/><counter type="METHOD" missed="0" covered="1"/></method><method name="getMaxColumnSize" desc="()Ljava/lang/Integer;" line="462"><counter type="INSTRUCTION" missed="0" covered="4"/><counter type="LINE" missed="0" covered="1"/><counter type="COMPLEXITY" missed="0" covered="1"/><counter type="METHOD" missed="0" covered="1"/></method><method name="groupby" desc="([Ljava/lang/String;)Ljava/util/TreeMap;" line="466"><counter type="INSTRUCTION" missed="0" covered="27"/><counter type="BRANCH" missed="0" covered="2"/><counter type="LINE" missed="0" covered="5"/><counter type="COMPLEXITY" missed="0" covered="2"/><counter type="METHOD" missed="0" covered="1"/></method><method name="groupby" desc="(Ljava/lang/String;)Ljava/util/List;" line="479"><counter type="INSTRUCTION" missed="0" covered="32"/><counter type="BRANCH" missed="0" covered="4"/><counter type="LINE" missed="0" covered="6"/><counter type="COMPLEXITY" missed="0" covered="3"/><counter type="METHOD" missed="0" covered="1"/></method><method name="groupby" desc="(Ljava/lang/String;Ljava/util/Optional;)Ljava/util/TreeMap;" line="493"><counter type="INSTRUCTION" missed="0" covered="94"/><counter type="BRANCH" missed="3" covered="9"/><counter type="LINE" missed="0" covered="10"/><counter type="COMPLEXITY" missed="3" covered="5"/><counter type="METHOD" missed="0" covered="1"/></method><method name="groupby" desc="([Ljava/lang/String;Ljava/lang/String;)Ljava/util/TreeMap;" line="514"><counter type="INSTRUCTION" missed="0" covered="104"/><counter type="BRANCH" missed="0" covered="8"/><counter type="LINE" missed="0" covered="14"/><counter type="COMPLEXITY" missed="0" covered="5"/><counter type="METHOD" missed="0" covered="1"/></method><method name="count" desc="(Ljava/util/List;Ljava/lang/Object;)I" line="539"><counter type="INSTRUCTION" missed="0" covered="19"/><counter type="BRANCH" missed="0" covered="4"/><counter type="LINE" missed="0" covered="5"/><counter type="COMPLEXITY" missed="0" covered="3"/><counter type="METHOD" missed="0" covered="1"/></method><method name="sum" desc="(Ljava/util/List;)Ljava/lang/Object;" line="549"><counter type="INSTRUCTION" missed="0" covered="57"/><counter type="BRANCH" missed="0" covered="8"/><counter type="LINE" missed="0" covered="11"/><counter type="COMPLEXITY" missed="0" covered="5"/><counter type="METHOD" missed="0" covered="1"/></method><counter type="INSTRUCTION" missed="29" covered="1811"/><counter type="BRANCH" missed="7" covered="127"/><counter type="LINE" missed="7" covered="301"/><counter type="COMPLEXITY" missed="7" covered="99"/><counter type="METHOD" missed="0" covered="38"/><counter type="CLASS" missed="0" covered="1"/></class><class name="devopsproject/DataFrame$1"><method name="&lt;init&gt;" desc="(Ldevopsproject/DataFrame;Ljava/util/List;)V" line="327"><counter type="INSTRUCTION" missed="0" covered="9"/><counter type="LINE" missed="0" covered="1"/><counter type="COMPLEXITY" missed="0" covered="1"/><counter type="METHOD" missed="0" covered="1"/></method><method name="apply" desc="(Ljava/lang/Integer;)Ljava/lang/Object;" line="330"><counter type="INSTRUCTION" missed="0" covered="6"/><counter type="LINE" missed="0" covered="1"/><counter type="COMPLEXITY" missed="0" covered="1"/><counter type="METHOD" missed="0" covered="1"/></method><counter type="INSTRUCTION" missed="0" covered="15"/><counter type="LINE" missed="0" covered="2"/><counter type="COMPLEXITY" missed="0" covered="2"/><counter type="METHOD" missed="0" covered="2"/><counter type="CLASS" missed="0" covered="1"/></class><class name="devopsproject/DataFrame$2"><method name="&lt;init&gt;" desc="(Ldevopsproject/DataFrame;Ljava/lang/String;)V" line="368"><counter type="INSTRUCTION" missed="0" covered="9"/><counter type="LINE" missed="0" covered="1"/><counter type="COMPLEXITY" missed="0" covered="1"/><counter type="METHOD" missed="0" covered="1"/></method><method name="apply" desc="(Ljava/lang/Integer;)Ljava/lang/Object;" line="372"><counter type="INSTRUCTION" missed="0" covered="11"/><counter type="LINE" missed="0" covered="1"/><counter type="COMPLEXITY" missed="0" covered="1"/><counter type="METHOD" missed="0" covered="1"/></method><counter type="INSTRUCTION" missed="0" covered="20"/><counter type="LINE" missed="0" covered="2"/><counter type="COMPLEXITY" missed="0" covered="2"/><counter type="METHOD" missed="0" covered="2"/><counter type="CLASS" missed="0" covered="1"/></class><sourcefile name="DataFrame.java"><line nr="30" mi="0" ci="6" mb="0" cb="0"/><line nr="33" mi="0" ci="20" mb="0" cb="2"/><line nr="34" mi="0" ci="16" mb="0" cb="2"/><line nr="38" mi="0" ci="2" mb="0" cb="0"/><line nr="39" mi="0" ci="3" mb="0" cb="0"/><line nr="40" mi="0" ci="5" mb="0" cb="0"/><line nr="41" mi="0" ci="5" mb="0" cb="0"/><line nr="42" mi="0" ci="10" mb="0" cb="0"/><line nr="43" mi="0" ci="1" mb="0" cb="0"/><line nr="46" mi="0" ci="2" mb="0" cb="0"/><line nr="47" mi="0" ci="8" mb="0" cb="2"/><line nr="48" mi="0" ci="10" mb="0" cb="0"/><line nr="49" mi="0" ci="7" mb="0" cb="0"/><line nr="50" mi="0" ci="9" mb="0" cb="0"/><line nr="51" mi="0" ci="10" mb="0" cb="0"/><line nr="53" mi="0" ci="1" mb="0" cb="0"/><line nr="56" mi="0" ci="2" mb="0" cb="0"/><line nr="57" mi="0" ci="2" mb="0" cb="0"/><line nr="62" mi="0" ci="3" mb="0" cb="0"/><line nr="64" mi="0" ci="8" mb="0" cb="0"/><line nr="65" mi="0" ci="4" mb="0" cb="2"/><line nr="66" mi="0" ci="5" mb="0" cb="0"/><line nr="69" mi="0" ci="5" mb="0" cb="0"/><line nr="70" mi="0" ci="5" mb="0" cb="0"/><line nr="72" mi="0" ci="3" mb="0" cb="0"/><line nr="73" mi="0" ci="5" mb="0" cb="0"/><line nr="74" mi="0" ci="8" mb="0" cb="2"/><line nr="75" mi="0" ci="4" mb="0" cb="0"/><line nr="76" mi="0" ci="7" mb="0" cb="0"/><line nr="77" mi="0" ci="9" mb="0" cb="0"/><line nr="78" mi="0" ci="8" mb="0" cb="0"/><line nr="82" mi="0" ci="3" mb="0" cb="0"/><line nr="83" mi="0" ci="5" mb="0" cb="0"/><line nr="86" mi="0" ci="8" mb="0" cb="2"/><line nr="87" mi="0" ci="6" mb="0" cb="0"/><line nr="88" mi="0" ci="3" mb="0" cb="2"/><line nr="89" mi="0" ci="5" mb="0" cb="0"/><line nr="93" mi="0" ci="5" mb="0" cb="0"/><line nr="94" mi="0" ci="8" mb="0" cb="0"/><line nr="95" mi="0" ci="5" mb="0" cb="0"/><line nr="97" mi="0" ci="1" mb="0" cb="0"/><line nr="99" mi="0" ci="5" mb="0" cb="0"/><line nr="100" mi="0" ci="8" mb="0" cb="0"/><line nr="101" mi="0" ci="5" mb="0" cb="0"/><line nr="102" mi="0" ci="1" mb="0" cb="0"/><line nr="103" mi="0" ci="4" mb="0" cb="0"/><line nr="104" mi="0" ci="8" mb="0" cb="0"/><line nr="105" mi="0" ci="4" mb="0" cb="0"/><line nr="106" mi="0" ci="1" mb="0" cb="0"/><line nr="107" mi="0" ci="1" mb="0" cb="0"/><line nr="110" mi="0" ci="5" mb="0" cb="2"/><line nr="111" mi="0" ci="5" mb="0" cb="0"/><line nr="112" mi="0" ci="9" mb="0" cb="2"/><line nr="113" mi="0" ci="8" mb="0" cb="0"/><line nr="116" mi="0" ci="6" mb="0" cb="0"/><line nr="117" mi="0" ci="8" mb="0" cb="2"/><line nr="118" mi="0" ci="5" mb="0" cb="0"/><line nr="120" mi="0" ci="22" mb="0" cb="0"/><line nr="123" mi="0" ci="1" mb="0" cb="0"/><line nr="125" mi="0" ci="6" mb="0" cb="0"/><line nr="126" mi="0" ci="8" mb="0" cb="2"/><line nr="127" mi="0" ci="5" mb="0" cb="0"/><line nr="129" mi="0" ci="22" mb="0" cb="0"/><line nr="131" mi="0" ci="1" mb="0" cb="0"/><line nr="132" mi="0" ci="4" mb="0" cb="0"/><line nr="134" mi="0" ci="6" mb="0" cb="0"/><line nr="136" mi="0" ci="3" mb="0" cb="2"/><line nr="137" mi="0" ci="8" mb="0" cb="2"/><line nr="138" mi="0" ci="5" mb="0" cb="0"/><line nr="140" mi="0" ci="22" mb="0" cb="0"/><line nr="145" mi="0" ci="4" mb="0" cb="0"/><line nr="148" mi="0" ci="1" mb="0" cb="0"/><line nr="149" mi="0" ci="1" mb="0" cb="0"/><line nr="154" mi="0" ci="12" mb="0" cb="2"/><line nr="156" mi="0" ci="9" mb="0" cb="0"/><line nr="157" mi="0" ci="1" mb="0" cb="0"/><line nr="159" mi="0" ci="2" mb="0" cb="0"/><line nr="161" mi="1" ci="0" mb="0" cb="0"/><line nr="162" mi="3" ci="0" mb="0" cb="0"/><line nr="163" mi="4" ci="0" mb="0" cb="0"/><line nr="164" mi="1" ci="0" mb="0" cb="0"/><line nr="165" mi="3" ci="0" mb="0" cb="0"/><line nr="166" mi="1" ci="1" mb="0" cb="0"/><line nr="168" mi="0" ci="1" mb="0" cb="0"/><line nr="171" mi="0" ci="2" mb="0" cb="0"/><line nr="172" mi="0" ci="2" mb="0" cb="0"/><line nr="173" mi="0" ci="3" mb="0" cb="2"/><line nr="174" mi="0" ci="2" mb="0" cb="0"/><line nr="175" mi="0" ci="12" mb="0" cb="2"/><line nr="176" mi="0" ci="9" mb="0" cb="0"/><line nr="177" mi="0" ci="11" mb="2" cb="2"/><line nr="178" mi="1" ci="9" mb="0" cb="0"/><line nr="179" mi="0" ci="1" mb="0" cb="0"/><line nr="180" mi="0" ci="11" mb="0" cb="0"/><line nr="181" mi="0" ci="3" mb="0" cb="0"/><line nr="182" mi="0" ci="1" mb="0" cb="0"/><line nr="183" mi="0" ci="1" mb="0" cb="0"/><line nr="184" mi="0" ci="1" mb="0" cb="0"/><line nr="187" mi="0" ci="7" mb="0" cb="0"/><line nr="188" mi="0" ci="1" mb="0" cb="0"/><line nr="191" mi="0" ci="8" mb="0" cb="0"/><line nr="192" mi="0" ci="1" mb="0" cb="0"/><line nr="194" mi="9" ci="17" mb="0" cb="0"/><line nr="195" mi="0" ci="12" mb="0" cb="0"/><line nr="199" mi="0" ci="5" mb="0" cb="2"/><line nr="200" mi="0" ci="5" mb="0" cb="0"/><line nr="202" mi="0" ci="2" mb="0" cb="2"/><line nr="203" mi="0" ci="5" mb="0" cb="0"/><line nr="205" mi="0" ci="10" mb="0" cb="2"/><line nr="209" mi="0" ci="5" mb="0" cb="0"/><line nr="210" mi="0" ci="1" mb="0" cb="0"/><line nr="213" mi="0" ci="4" mb="0" cb="0"/><line nr="214" mi="0" ci="22" mb="0" cb="0"/><line nr="215" mi="0" ci="1" mb="0" cb="0"/><line nr="218" mi="0" ci="4" mb="0" cb="0"/><line nr="219" mi="0" ci="27" mb="0" cb="0"/><line nr="220" mi="0" ci="1" mb="0" cb="0"/><line nr="223" mi="0" ci="2" mb="0" cb="0"/><line nr="224" mi="0" ci="11" mb="0" cb="2"/><line nr="225" mi="0" ci="11" mb="0" cb="0"/><line nr="226" mi="0" ci="1" mb="0" cb="0"/><line nr="227" mi="0" ci="3" mb="0" cb="0"/><line nr="228" mi="0" ci="1" mb="0" cb="0"/><line nr="231" mi="0" ci="2" mb="0" cb="0"/><line nr="232" mi="0" ci="12" mb="0" cb="2"/><line nr="233" mi="0" ci="11" mb="0" cb="2"/><line nr="234" mi="0" ci="2" mb="1" cb="1"/><line nr="235" mi="0" ci="1" mb="0" cb="0"/><line nr="237" mi="0" ci="1" mb="0" cb="0"/><line nr="238" mi="0" ci="1" mb="0" cb="0"/><line nr="239" mi="0" ci="2" mb="0" cb="0"/><line nr="244" mi="0" ci="5" mb="0" cb="0"/><line nr="245" mi="0" ci="1" mb="0" cb="0"/><line nr="246" mi="0" ci="14" mb="0" cb="0"/><line nr="247" mi="0" ci="1" mb="0" cb="0"/><line nr="248" mi="0" ci="6" mb="0" cb="0"/><line nr="252" mi="0" ci="4" mb="0" cb="0"/><line nr="253" mi="0" ci="9" mb="0" cb="0"/><line nr="254" mi="0" ci="7" mb="0" cb="0"/><line nr="255" mi="0" ci="6" mb="0" cb="0"/><line nr="259" mi="0" ci="6" mb="0" cb="0"/><line nr="260" mi="0" ci="10" mb="0" cb="2"/><line nr="261" mi="0" ci="9" mb="0" cb="0"/><line nr="262" mi="0" ci="1" mb="0" cb="0"/><line nr="263" mi="0" ci="4" mb="0" cb="0"/><line nr="264" mi="0" ci="9" mb="0" cb="0"/><line nr="269" mi="0" ci="4" mb="0" cb="0"/><line nr="270" mi="0" ci="4" mb="0" cb="0"/><line nr="272" mi="0" ci="14" mb="0" cb="0"/><line nr="274" mi="0" ci="7" mb="0" cb="0"/><line nr="275" mi="0" ci="5" mb="0" cb="0"/><line nr="276" mi="0" ci="3" mb="0" cb="0"/><line nr="278" mi="0" ci="3" mb="0" cb="2"/><line nr="279" mi="0" ci="2" mb="0" cb="0"/><line nr="280" mi="0" ci="2" mb="0" cb="0"/><line nr="281" mi="0" ci="2" mb="0" cb="0"/><line nr="283" mi="0" ci="10" mb="0" cb="2"/><line nr="284" mi="0" ci="8" mb="0" cb="0"/><line nr="285" mi="0" ci="10" mb="0" cb="0"/><line nr="288" mi="0" ci="6" mb="0" cb="0"/><line nr="293" mi="0" ci="6" mb="0" cb="0"/><line nr="294" mi="0" ci="5" mb="0" cb="0"/><line nr="295" mi="0" ci="4" mb="0" cb="0"/><line nr="299" mi="0" ci="4" mb="0" cb="0"/><line nr="300" mi="0" ci="3" mb="0" cb="0"/><line nr="301" mi="0" ci="7" mb="0" cb="0"/><line nr="302" mi="0" ci="7" mb="0" cb="0"/><line nr="303" mi="0" ci="7" mb="0" cb="0"/><line nr="304" mi="0" ci="2" mb="0" cb="0"/><line nr="308" mi="0" ci="4" mb="0" cb="2"/><line nr="309" mi="0" ci="5" mb="0" cb="0"/><line nr="311" mi="0" ci="2" mb="0" cb="2"/><line nr="312" mi="0" ci="5" mb="0" cb="0"/><line nr="314" mi="0" ci="1" mb="0" cb="0"/><line nr="317" mi="0" ci="3" mb="0" cb="0"/><line nr="318" mi="0" ci="4" mb="0" cb="0"/><line nr="319" mi="0" ci="11" mb="0" cb="2"/><line nr="320" mi="0" ci="21" mb="0" cb="0"/><line nr="321" mi="0" ci="1" mb="0" cb="0"/><line nr="322" mi="0" ci="2" mb="0" cb="0"/><line nr="327" mi="0" ci="18" mb="0" cb="0"/><line nr="330" mi="0" ci="6" mb="0" cb="0"/><line nr="332" mi="0" ci="3" mb="0" cb="0"/><line nr="336" mi="0" ci="10" mb="0" cb="2"/><line nr="337" mi="0" ci="4" mb="0" cb="0"/><line nr="338" mi="0" ci="1" mb="0" cb="0"/><line nr="339" mi="0" ci="5" mb="0" cb="0"/><line nr="340" mi="0" ci="11" mb="0" cb="2"/><line nr="341" mi="0" ci="13" mb="0" cb="0"/><line nr="342" mi="0" ci="1" mb="0" cb="0"/><line nr="343" mi="0" ci="2" mb="0" cb="0"/><line nr="347" mi="0" ci="16" mb="0" cb="2"/><line nr="348" mi="0" ci="4" mb="0" cb="0"/><line nr="350" mi="0" ci="5" mb="0" cb="0"/><line nr="351" mi="0" ci="11" mb="0" cb="2"/><line nr="352" mi="0" ci="14" mb="0" cb="0"/><line nr="353" mi="0" ci="1" mb="0" cb="0"/><line nr="354" mi="0" ci="2" mb="0" cb="0"/><line nr="358" mi="0" ci="4" mb="0" cb="0"/><line nr="359" mi="0" ci="3" mb="0" cb="2"/><line nr="360" mi="0" ci="2" mb="0" cb="0"/><line nr="361" mi="0" ci="2" mb="0" cb="0"/><line nr="362" mi="0" ci="2" mb="0" cb="0"/><line nr="364" mi="0" ci="3" mb="0" cb="0"/><line nr="365" mi="0" ci="3" mb="0" cb="0"/><line nr="366" mi="0" ci="8" mb="0" cb="0"/><line nr="367" mi="0" ci="11" mb="0" cb="2"/><line nr="368" mi="0" ci="26" mb="0" cb="0"/><line nr="372" mi="0" ci="11" mb="0" cb="0"/><line nr="374" mi="0" ci="2" mb="0" cb="0"/><line nr="375" mi="0" ci="1" mb="0" cb="0"/><line nr="376" mi="0" ci="2" mb="0" cb="0"/><line nr="381" mi="0" ci="9" mb="0" cb="2"/><line nr="382" mi="0" ci="14" mb="0" cb="0"/><line nr="384" mi="0" ci="1" mb="0" cb="0"/><line nr="385" mi="0" ci="14" mb="0" cb="0"/><line nr="386" mi="0" ci="1" mb="0" cb="0"/><line nr="387" mi="0" ci="1" mb="0" cb="0"/><line nr="391" mi="0" ci="9" mb="0" cb="2"/><line nr="392" mi="0" ci="14" mb="0" cb="0"/><line nr="394" mi="1" ci="0" mb="0" cb="0"/><line nr="395" mi="14" ci="0" mb="0" cb="0"/><line nr="396" mi="0" ci="1" mb="0" cb="0"/><line nr="397" mi="0" ci="9" mb="0" cb="0"/><line nr="401" mi="0" ci="10" mb="0" cb="0"/><line nr="402" mi="0" ci="12" mb="0" cb="0"/><line nr="403" mi="0" ci="12" mb="0" cb="0"/><line nr="404" mi="0" ci="12" mb="0" cb="0"/><line nr="405" mi="0" ci="1" mb="0" cb="0"/><line nr="408" mi="0" ci="4" mb="0" cb="0"/><line nr="409" mi="0" ci="3" mb="0" cb="0"/><line nr="411" mi="0" ci="2" mb="0" cb="0"/><line nr="413" mi="0" ci="12" mb="0" cb="2"/><line nr="414" mi="0" ci="5" mb="0" cb="2"/><line nr="415" mi="0" ci="4" mb="0" cb="0"/><line nr="416" mi="0" ci="8" mb="0" cb="2"/><line nr="417" mi="0" ci="14" mb="1" cb="3"/><line nr="418" mi="0" ci="8" mb="0" cb="0"/><line nr="419" mi="0" ci="5" mb="0" cb="0"/><line nr="422" mi="0" ci="6" mb="0" cb="0"/><line nr="424" mi="0" ci="1" mb="0" cb="0"/><line nr="425" mi="0" ci="3" mb="0" cb="0"/><line nr="429" mi="0" ci="4" mb="0" cb="0"/><line nr="430" mi="0" ci="4" mb="0" cb="0"/><line nr="431" mi="0" ci="9" mb="0" cb="0"/><line nr="432" mi="0" ci="12" mb="0" cb="2"/><line nr="433" mi="0" ci="11" mb="0" cb="2"/><line nr="434" mi="0" ci="18" mb="0" cb="0"/><line nr="436" mi="0" ci="9" mb="0" cb="0"/><line nr="437" mi="0" ci="9" mb="0" cb="2"/><line nr="439" mi="0" ci="2" mb="0" cb="0"/><line nr="443" mi="0" ci="4" mb="0" cb="0"/><line nr="444" mi="0" ci="4" mb="0" cb="0"/><line nr="445" mi="0" ci="9" mb="0" cb="0"/><line nr="446" mi="0" ci="12" mb="0" cb="2"/><line nr="447" mi="0" ci="11" mb="0" cb="2"/><line nr="448" mi="0" ci="18" mb="0" cb="0"/><line nr="450" mi="0" ci="9" mb="0" cb="0"/><line nr="451" mi="0" ci="9" mb="0" cb="2"/><line nr="453" mi="0" ci="2" mb="0" cb="0"/><line nr="457" mi="0" ci="4" mb="0" cb="0"/><line nr="458" mi="0" ci="4" mb="0" cb="0"/><line nr="459" mi="0" ci="1" mb="0" cb="0"/><line nr="462" mi="0" ci="4" mb="0" cb="0"/><line nr="466" mi="0" ci="4" mb="0" cb="0"/><line nr="468" mi="0" ci="8" mb="0" cb="2"/><line nr="469" mi="0" ci="6" mb="0" cb="0"/><line nr="470" mi="0" ci="7" mb="0" cb="0"/><line nr="472" mi="0" ci="2" mb="0" cb="0"/><line nr="479" mi="0" ci="4" mb="0" cb="0"/><line nr="480" mi="0" ci="6" mb="0" cb="0"/><line nr="481" mi="0" ci="8" mb="0" cb="2"/><line nr="482" mi="0" ci="6" mb="0" cb="2"/><line nr="483" mi="0" ci="6" mb="0" cb="0"/><line nr="486" mi="0" ci="2" mb="0" cb="0"/><line nr="493" mi="0" ci="4" mb="0" cb="0"/><line nr="494" mi="0" ci="6" mb="0" cb="0"/><line nr="495" mi="0" ci="3" mb="1" cb="1"/><line nr="496" mi="0" ci="24" mb="2" cb="8"/><line nr="498" mi="0" ci="20" mb="0" cb="0"/><line nr="499" mi="0" ci="1" mb="0" cb="0"/><line nr="501" mi="0" ci="19" mb="0" cb="0"/><line nr="502" mi="0" ci="1" mb="0" cb="0"/><line nr="504" mi="0" ci="14" mb="0" cb="0"/><line nr="507" mi="0" ci="2" mb="0" cb="0"/><line nr="514" mi="0" ci="4" mb="0" cb="0"/><line nr="518" mi="0" ci="4" mb="0" cb="2"/><line nr="519" mi="0" ci="9" mb="0" cb="2"/><line nr="520" mi="0" ci="8" mb="0" cb="0"/><line nr="521" mi="0" ci="4" mb="0" cb="0"/><line nr="522" mi="0" ci="4" mb="0" cb="0"/><line nr="523" mi="0" ci="8" mb="0" cb="2"/><line nr="524" mi="0" ci="6" mb="0" cb="2"/><line nr="525" mi="0" ci="6" mb="0" cb="0"/><line nr="526" mi="0" ci="10" mb="0" cb="0"/><line nr="529" mi="0" ci="7" mb="0" cb="0"/><line nr="530" mi="0" ci="18" mb="0" cb="0"/><line nr="533" mi="0" ci="14" mb="0" cb="0"/><line nr="535" mi="0" ci="2" mb="0" cb="0"/><line nr="539" mi="0" ci="2" mb="0" cb="0"/><line nr="540" mi="0" ci="8" mb="0" cb="2"/><line nr="541" mi="0" ci="6" mb="0" cb="2"/><line nr="542" mi="0" ci="1" mb="0" cb="0"/><line nr="545" mi="0" ci="2" mb="0" cb="0"/><line nr="549" mi="0" ci="5" mb="0" cb="2"/><line nr="550" mi="0" ci="2" mb="0" cb="0"/><line nr="551" mi="0" ci="8" mb="0" cb="2"/><line nr="552" mi="0" ci="8" mb="0" cb="0"/><line nr="554" mi="0" ci="3" mb="0" cb="0"/><line nr="556" mi="0" ci="5" mb="0" cb="2"/><line nr="557" mi="0" ci="2" mb="0" cb="0"/><line nr="558" mi="0" ci="8" mb="0" cb="2"/><line nr="559" mi="0" ci="8" mb="0" cb="0"/><line nr="561" mi="0" ci="3" mb="0" cb="0"/><line nr="563" mi="0" ci="5" mb="0" cb="0"/><counter type="INSTRUCTION" missed="38" covered="1917"/><counter type="BRANCH" missed="7" covered="131"/><counter type="LINE" missed="7" covered="308"/><counter type="COMPLEXITY" missed="9" covered="109"/><counter type="METHOD" missed="2" covered="46"/><counter type="CLASS" missed="0" covered="5"/></sourcefile><counter type="INSTRUCTION" missed="38" covered="1917"/><counter type="BRANCH" missed="7" covered="131"/><counter type="LINE" missed="7" covered="308"/><counter type="COMPLEXITY" missed="9" covered="109"/><counter type="METHOD" missed="2" covered="46"/><counter type="CLASS" missed="0" covered="5"/></package><counter type="INSTRUCTION" missed="38" covered="1917"/><counter type="BRANCH" missed="7" covered="131"/><counter type="LINE" missed="7" covered="308"/><counter type="COMPLEXITY" missed="9" covered="109"/><counter type="METHOD" missed="2" covered="46"/><counter type="CLASS" missed="0" covered="5"/></report>