<?xml version="1.0" encoding="UTF-8" ?>
<testsuite tests="32" failures="0" name="src.TestDataframe" time="0.823" errors="0" skipped="0">
  <properties>
[...]
</properties>
  <testcase classname="src.TestDataframe" name="tailTestGoodValues" time="0.064"/>
  <testcase classname="src.TestDataframe" name="showStatisticNullTable" time="0.001"/>
  <testcase classname="src.TestDataframe" name="showStatisticsCorrect" time="0.016"/>
  <testcase classname="src.TestDataframe" name="headLabelNotAvailable" time="0.001"/>
  <testcase classname="src.TestDataframe" name="ilocMultipleIndexesTooBig" time="0.001"/>
  <testcase classname="src.TestDataframe" name="tailTestValuesTooBig" time="0"/>
  <testcase classname="src.TestDataframe" name="headLabelExistsTest" time="0.004"/>
  <testcase classname="src.TestDataframe" name="headTestGoodValues" time="0.001"/>
  <testcase classname="src.TestDataframe" name="tailLabelExistsTest" time="0"/>
  <testcase classname="src.TestDataframe" name="locLabelInfSupSwitched" time="0"/>
  <testcase classname="src.TestDataframe" name="ilocIndexesInfSupNegative" time="0"/>
  <testcase classname="src.TestDataframe" name="showTest" time="0.538"/>
  <testcase classname="src.TestDataframe" name="ilocListIndexesTooBig" time="0"/>
  <testcase classname="src.TestDataframe" name="ilocIndexesInfSupValueTooHigh" time="0.001"/>
  <testcase classname="src.TestDataframe" name="ilocTestCorrect" time="0.186"/>
  <testcase classname="src.TestDataframe" name="typeError" time="0.004"/>
  <testcase classname="src.TestDataframe" name="ilocIndexNegative" time="0"/>
  <testcase classname="src.TestDataframe" name="locMultipleLabelsTestIncorrect" time="0"/>
  <testcase classname="src.TestDataframe" name="tailTestNegativeValues" time="0.001"/>
  <testcase classname="src.TestDataframe" name="ilocMultipleIndexes" time="0.001"/>
  <testcase classname="src.TestDataframe" name="tailLabelNotAvailable" time="0"/>
  <testcase classname="src.TestDataframe" name="locTestCorrect" time="0"/>
  <testcase classname="src.TestDataframe" name="ilocListIndexesNegative" time="0"/>
  <testcase classname="src.TestDataframe" name="ilocIndexTooBig" time="0"/>
  <testcase classname="src.TestDataframe" name="ilocInfSupDifferentOrder" time="0.001"/>
  <testcase classname="src.TestDataframe" name="locLabelTestIncorrect" time="0"/>
  <testcase classname="src.TestDataframe" name="locLabelListTestIncorrect" time="0.001"/>
  <testcase classname="src.TestDataframe" name="headTestNegativeValues" time="0"/>
  <testcase classname="src.TestDataframe" name="headTestValuesTooBig" time="0"/>
  <testcase classname="src.TestDataframe" name="ilocMultipleIndexesNegative" time="0.001"/>
  <testcase classname="src.TestDataframe" name="wrongFileExtension" time="0.001"/>
  <testcase classname="src.TestDataframe" name="showStatisticNotNumeric" time="0"/>
</testsuite>