<?xml version="1.0" encoding="UTF-8" ?>
<testsuite tests="44" failures="0" name="src.TestDataframe" time="2.588" errors="2" skipped="0">
  <properties>
[...]
</properties>
  <testcase classname="src.TestDataframe" name="groupByLabelListAggregateError" time="0.012"/>
  <testcase classname="src.TestDataframe" name="tailTestGoodValues" time="0.016"/>
  <testcase classname="src.TestDataframe" name="groupByLabelListAggregate" time="0.001"/>
  <testcase classname="src.TestDataframe" name="showStatisticNullTable" time="0.001"/>
  <testcase classname="src.TestDataframe" name="typeErrorInt" time="0.15">
    <error message="Unexpected exception, expected&lt;java.lang.IllegalArgumentException&gt; but was&lt;java.lang.ArrayIndexOutOfBoundsException&gt;" type="java.lang.Exception">java.lang.Exception: Unexpected exception, expected&lt;java.lang.IllegalArgumentException&gt; but was&lt;java.lang.ArrayIndexOutOfBoundsException&gt;
	at org.junit.internal.runners.statements.ExpectException.evaluate(ExpectException.java:28)
	at org.junit.runners.ParentRunner.runLeaf(ParentRunner.java:325)
	at org.junit.runners.BlockJUnit4ClassRunner.runChild(BlockJUnit4ClassRunner.java:78)
	at org.junit.runners.BlockJUnit4ClassRunner.runChild(BlockJUnit4ClassRunner.java:57)
	at org.junit.runners.ParentRunner$3.run(ParentRunner.java:290)
	at org.junit.runners.ParentRunner$1.schedule(ParentRunner.java:71)
	at org.junit.runners.ParentRunner.runChildren(ParentRunner.java:288)
	at org.junit.runners.ParentRunner.access$000(ParentRunner.java:58)
	at org.junit.runners.ParentRunner$2.evaluate(ParentRunner.java:268)
	at org.junit.runners.ParentRunner.run(ParentRunner.java:363)
	at org.apache.maven.surefire.junit4.JUnit4Provider.execute(JUnit4Provider.java:252)
	at org.apache.maven.surefire.junit4.JUnit4Provider.executeTestSet(JUnit4Provider.java:141)
	at org.apache.maven.surefire.junit4.JUnit4Provider.invoke(JUnit4Provider.java:112)
	at sun.reflect.NativeMethodAccessorImpl.invoke0(Native Method)
	at sun.reflect.NativeMethodAccessorImpl.invoke(NativeMethodAccessorImpl.java:62)
	at sun.reflect.DelegatingMethodAccessorImpl.invoke(DelegatingMethodAccessorImpl.java:43)
	at java.lang.reflect.Method.invoke(Method.java:498)
	at org.apache.maven.surefire.util.ReflectionUtils.invokeMethodWithArray(ReflectionUtils.java:189)
	at org.apache.maven.surefire.booter.ProviderFactory$ProviderProxy.invoke(ProviderFactory.java:165)
	at org.apache.maven.surefire.booter.ProviderFactory.invokeProvider(ProviderFactory.java:85)
	at org.apache.maven.surefire.booter.ForkedBooter.runSuitesInProcess(ForkedBooter.java:115)
	at org.apache.maven.surefire.booter.ForkedBooter.main(ForkedBooter.java:75)
Caused by: java.lang.ArrayIndexOutOfBoundsException: 1
	at devopsproject.DataFrame.&lt;init&gt;(DataFrame.java:116)
	at src.TestDataframe.typeErrorInt(TestDataframe.java:302)
	at sun.reflect.NativeMethodAccessorImpl.invoke0(Native Method)
	at sun.reflect.NativeMethodAccessorImpl.invoke(NativeMethodAccessorImpl.java:62)
	at sun.reflect.DelegatingMethodAccessorImpl.invoke(DelegatingMethodAccessorImpl.java:43)
	at java.lang.reflect.Method.invoke(Method.java:498)
	at org.junit.runners.model.FrameworkMethod$1.runReflectiveCall(FrameworkMethod.java:50)
	at org.junit.internal.runners.model.ReflectiveCallable.run(ReflectiveCallable.java:12)
	at org.junit.runners.model.FrameworkMethod.invokeExplosively(FrameworkMethod.java:47)
	at org.junit.internal.runners.statements.InvokeMethod.evaluate(InvokeMethod.java:17)
	at org.junit.internal.runners.statements.ExpectException.evaluate(ExpectException.java:19)
	... 21 more
</error>
  </testcase>
  <testcase classname="src.TestDataframe" name="showStatisticsCorrect" time="0.017"/>
  <testcase classname="src.TestDataframe" name="headLabelNotAvailable" time="0.001"/>
  <testcase classname="src.TestDataframe" name="ilocMultipleIndexesTooBig" time="0"/>
  <testcase classname="src.TestDataframe" name="tailTestValuesTooBig" time="0.001"/>
  <testcase classname="src.TestDataframe" name="headLabelExistsTest" time="0"/>
  <testcase classname="src.TestDataframe" name="headTestGoodValues" time="0.006"/>
  <testcase classname="src.TestDataframe" name="tailLabelExistsTest" time="0"/>
  <testcase classname="src.TestDataframe" name="locLabelInfSupSwitched" time="0"/>
  <testcase classname="src.TestDataframe" name="ilocIndexesInfSupNegative" time="0"/>
  <testcase classname="src.TestDataframe" name="groupByLabelNoSuchAggregate" time="0.008"/>
  <testcase classname="src.TestDataframe" name="showTest" time="0.309"/>
  <testcase classname="src.TestDataframe" name="ilocListIndexesTooBig" time="0"/>
  <testcase classname="src.TestDataframe" name="typeErrorString" time="0.001"/>
  <testcase classname="src.TestDataframe" name="typeErrorFloat" time="0.001"/>
  <testcase classname="src.TestDataframe" name="ilocIndexesInfSupValueTooHigh" time="0"/>
  <testcase classname="src.TestDataframe" name="ilocTestCorrect" time="2.036"/>
  <testcase classname="src.TestDataframe" name="typeError" time="0.005">
    <error message="Unexpected exception, expected&lt;java.lang.IllegalArgumentException&gt; but was&lt;java.lang.IndexOutOfBoundsException&gt;" type="java.lang.Exception">java.lang.Exception: Unexpected exception, expected&lt;java.lang.IllegalArgumentException&gt; but was&lt;java.lang.IndexOutOfBoundsException&gt;
	at org.junit.internal.runners.statements.ExpectException.evaluate(ExpectException.java:28)
	at org.junit.runners.ParentRunner.runLeaf(ParentRunner.java:325)
	at org.junit.runners.BlockJUnit4ClassRunner.runChild(BlockJUnit4ClassRunner.java:78)
	at org.junit.runners.BlockJUnit4ClassRunner.runChild(BlockJUnit4ClassRunner.java:57)
	at org.junit.runners.ParentRunner$3.run(ParentRunner.java:290)
	at org.junit.runners.ParentRunner$1.schedule(ParentRunner.java:71)
	at org.junit.runners.ParentRunner.runChildren(ParentRunner.java:288)
	at org.junit.runners.ParentRunner.access$000(ParentRunner.java:58)
	at org.junit.runners.ParentRunner$2.evaluate(ParentRunner.java:268)
	at org.junit.runners.ParentRunner.run(ParentRunner.java:363)
	at org.apache.maven.surefire.junit4.JUnit4Provider.execute(JUnit4Provider.java:252)
	at org.apache.maven.surefire.junit4.JUnit4Provider.executeTestSet(JUnit4Provider.java:141)
	at org.apache.maven.surefire.junit4.JUnit4Provider.invoke(JUnit4Provider.java:112)
	at sun.reflect.NativeMethodAccessorImpl.invoke0(Native Method)
	at sun.reflect.NativeMethodAccessorImpl.invoke(NativeMethodAccessorImpl.java:62)
	at sun.reflect.DelegatingMethodAccessorImpl.invoke(DelegatingMethodAccessorImpl.java:43)
	at java.lang.reflect.Method.invoke(Method.java:498)
	at org.apache.maven.surefire.util.ReflectionUtils.invokeMethodWithArray(ReflectionUtils.java:189)
	at org.apache.maven.surefire.booter.ProviderFactory$ProviderProxy.invoke(ProviderFactory.java:165)
	at org.apache.maven.surefire.booter.ProviderFactory.invokeProvider(ProviderFactory.java:85)
	at org.apache.maven.surefire.booter.ForkedBooter.runSuitesInProcess(ForkedBooter.java:115)
	at org.apache.maven.surefire.booter.ForkedBooter.main(ForkedBooter.java:75)
Caused by: java.lang.IndexOutOfBoundsException: Index: 0, Size: 0
	at java.util.ArrayList.rangeCheck(ArrayList.java:657)
	at java.util.ArrayList.get(ArrayList.java:433)
	at devopsproject.DataFrame.&lt;init&gt;(DataFrame.java:117)
	at src.TestDataframe.typeError(TestDataframe.java:153)
	at sun.reflect.NativeMethodAccessorImpl.invoke0(Native Method)
	at sun.reflect.NativeMethodAccessorImpl.invoke(NativeMethodAccessorImpl.java:62)
	at sun.reflect.DelegatingMethodAccessorImpl.invoke(DelegatingMethodAccessorImpl.java:43)
	at java.lang.reflect.Method.invoke(Method.java:498)
	at org.junit.runners.model.FrameworkMethod$1.runReflectiveCall(FrameworkMethod.java:50)
	at org.junit.internal.runners.model.ReflectiveCallable.run(ReflectiveCallable.java:12)
	at org.junit.runners.model.FrameworkMethod.invokeExplosively(FrameworkMethod.java:47)
	at org.junit.internal.runners.statements.InvokeMethod.evaluate(InvokeMethod.java:17)
	at org.junit.internal.runners.statements.ExpectException.evaluate(ExpectException.java:19)
	... 21 more
</error>
  </testcase>
  <testcase classname="src.TestDataframe" name="ilocIndexNegative" time="0"/>
  <testcase classname="src.TestDataframe" name="locMultipleLabelsTestIncorrect" time="0"/>
  <testcase classname="src.TestDataframe" name="tailTestNegativeValues" time="0"/>
  <testcase classname="src.TestDataframe" name="ilocMultipleIndexes" time="0"/>
  <testcase classname="src.TestDataframe" name="tailLabelNotAvailable" time="0.001"/>
  <testcase classname="src.TestDataframe" name="locTestCorrect" time="0.001"/>
  <testcase classname="src.TestDataframe" name="groupByLabelAggregateString" time="0"/>
  <testcase classname="src.TestDataframe" name="groupByLabelAggregateCorrect" time="0.001"/>
  <testcase classname="src.TestDataframe" name="ilocListIndexesNegative" time="0"/>
  <testcase classname="src.TestDataframe" name="ilocIndexTooBig" time="0"/>
  <testcase classname="src.TestDataframe" name="groupByLabelTest" time="0.001"/>
  <testcase classname="src.TestDataframe" name="orderByTest" time="0"/>
  <testcase classname="src.TestDataframe" name="ilocInfSupDifferentOrder" time="0.001"/>
  <testcase classname="src.TestDataframe" name="locLabelTestIncorrect" time="0"/>
  <testcase classname="src.TestDataframe" name="formatError" time="0.003"/>
  <testcase classname="src.TestDataframe" name="locLabelListTestIncorrect" time="0"/>
  <testcase classname="src.TestDataframe" name="headTestNegativeValues" time="0"/>
  <testcase classname="src.TestDataframe" name="headTestValuesTooBig" time="0"/>
  <testcase classname="src.TestDataframe" name="ilocMultipleIndexesNegative" time="0.001"/>
  <testcase classname="src.TestDataframe" name="groupByLabelListTest" time="0.013"/>
  <testcase classname="src.TestDataframe" name="wrongFileExtension" time="0.001"/>
  <testcase classname="src.TestDataframe" name="showStatisticNotNumeric" time="0"/>
</testsuite>